1578537709033	mozrunner::runner	INFO	Running command: "/usr/bin/firefox" "-marionette" "-foreground" "-no-remote" "-profile" "/tmp/rust_mozprofilekPDV1E"
1578537709579	addons.webextension.screenshots@mozilla.org	WARN	Loading extension 'screenshots@mozilla.org': Reading manifest: Invalid extension permission: mozillaAddons
1578537709580	addons.webextension.screenshots@mozilla.org	WARN	Loading extension 'screenshots@mozilla.org': Reading manifest: Invalid extension permission: telemetry
1578537709580	addons.webextension.screenshots@mozilla.org	WARN	Loading extension 'screenshots@mozilla.org': Reading manifest: Invalid extension permission: resource://pdf.js/
1578537709580	addons.webextension.screenshots@mozilla.org	WARN	Loading extension 'screenshots@mozilla.org': Reading manifest: Invalid extension permission: about:reader*
1578537711443	Marionette	INFO	Listening on port 34903
1578537711550	Marionette	WARN	TLS certificate errors will be ignored for this session
1578537720303	Marionette	INFO	Stopped listening on port 34903
1578537835898	mozrunner::runner	INFO	Running command: "/usr/bin/firefox" "-marionette" "-foreground" "-no-remote" "-profile" "/tmp/rust_mozprofilelHKI1E"
1578537836314	addons.webextension.screenshots@mozilla.org	WARN	Loading extension 'screenshots@mozilla.org': Reading manifest: Invalid extension permission: mozillaAddons
1578537836314	addons.webextension.screenshots@mozilla.org	WARN	Loading extension 'screenshots@mozilla.org': Reading manifest: Invalid extension permission: telemetry
1578537836314	addons.webextension.screenshots@mozilla.org	WARN	Loading extension 'screenshots@mozilla.org': Reading manifest: Invalid extension permission: resource://pdf.js/
1578537836314	addons.webextension.screenshots@mozilla.org	WARN	Loading extension 'screenshots@mozilla.org': Reading manifest: Invalid extension permission: about:reader*
1578537837969	Marionette	INFO	Listening on port 34571
1578537838004	Marionette	WARN	TLS certificate errors will be ignored for this session
JavaScript error: resource://gre/modules/XULStore.jsm, line 66: Error: Can't find profile directory.
1578537841886	Marionette	INFO	Stopped listening on port 34571
1578537850417	mozrunner::runner	INFO	Running command: "/usr/bin/firefox" "-marionette" "-foreground" "-no-remote" "-profile" "/tmp/rust_mozprofileKybcCV"
1578537850837	addons.webextension.screenshots@mozilla.org	WARN	Loading extension 'screenshots@mozilla.org': Reading manifest: Invalid extension permission: mozillaAddons
1578537850838	addons.webextension.screenshots@mozilla.org	WARN	Loading extension 'screenshots@mozilla.org': Reading manifest: Invalid extension permission: telemetry
1578537850838	addons.webextension.screenshots@mozilla.org	WARN	Loading extension 'screenshots@mozilla.org': Reading manifest: Invalid extension permission: resource://pdf.js/
1578537850838	addons.webextension.screenshots@mozilla.org	WARN	Loading extension 'screenshots@mozilla.org': Reading manifest: Invalid extension permission: about:reader*
1578537852377	Marionette	INFO	Listening on port 43189
1578537852423	Marionette	WARN	TLS certificate errors will be ignored for this session
Handler function threw an exception: TypeError: timings.REQUEST_HEADER is undefined
Stack: _setupHarTimings@resource://devtools/server/actors/network-monitor/network-observer.js:1078:1
_onTransactionClose@resource://devtools/server/actors/network-monitor/network-observer.js:1005:25
_dispatchActivity@resource://devtools/server/actors/network-monitor/network-observer.js:529:14
NetworkObserver.prototype.observeActivity<@resource://devtools/server/actors/network-monitor/network-observer.js:607:12
exports.makeInfallible/<@resource://devtools/shared/ThreadSafeDevToolsUtils.js:111:22
Line: 1078, column: 1
console.error: (new TypeError("timings.REQUEST_HEADER is undefined", "resource://devtools/server/actors/network-monitor/network-observer.js", 1078))
Handler function threw an exception: TypeError: timings.REQUEST_HEADER is undefined
Stack: _setupHarTimings@resource://devtools/server/actors/network-monitor/network-observer.js:1078:1
_onTransactionClose@resource://devtools/server/actors/network-monitor/network-observer.js:1005:25
_dispatchActivity@resource://devtools/server/actors/network-monitor/network-observer.js:529:14
NetworkObserver.prototype.observeActivity<@resource://devtools/server/actors/network-monitor/network-observer.js:607:12
exports.makeInfallible/<@resource://devtools/shared/ThreadSafeDevToolsUtils.js:111:22
Line: 1078, column: 1
console.error: (new TypeError("timings.REQUEST_HEADER is undefined", "resource://devtools/server/actors/network-monitor/network-observer.js", 1078))
1578538029133	mozrunner::runner	INFO	Running command: "/usr/bin/firefox" "-marionette" "-foreground" "-no-remote" "-profile" "/tmp/rust_mozprofileK5ErKH"
1578538029552	addons.webextension.screenshots@mozilla.org	WARN	Loading extension 'screenshots@mozilla.org': Reading manifest: Invalid extension permission: mozillaAddons
1578538029552	addons.webextension.screenshots@mozilla.org	WARN	Loading extension 'screenshots@mozilla.org': Reading manifest: Invalid extension permission: telemetry
1578538029552	addons.webextension.screenshots@mozilla.org	WARN	Loading extension 'screenshots@mozilla.org': Reading manifest: Invalid extension permission: resource://pdf.js/
1578538029552	addons.webextension.screenshots@mozilla.org	WARN	Loading extension 'screenshots@mozilla.org': Reading manifest: Invalid extension permission: about:reader*
1578538031220	Marionette	INFO	Listening on port 40713
1578538031241	Marionette	WARN	TLS certificate errors will be ignored for this session
1578538038630	Marionette	INFO	Stopped listening on port 40713
1578538053668	mozrunner::runner	INFO	Running command: "/usr/bin/firefox" "-marionette" "-foreground" "-no-remote" "-profile" "/tmp/rust_mozprofilelJI6T2"
1578538054121	addons.webextension.screenshots@mozilla.org	WARN	Loading extension 'screenshots@mozilla.org': Reading manifest: Invalid extension permission: mozillaAddons
1578538054121	addons.webextension.screenshots@mozilla.org	WARN	Loading extension 'screenshots@mozilla.org': Reading manifest: Invalid extension permission: telemetry
1578538054121	addons.webextension.screenshots@mozilla.org	WARN	Loading extension 'screenshots@mozilla.org': Reading manifest: Invalid extension permission: resource://pdf.js/
1578538054122	addons.webextension.screenshots@mozilla.org	WARN	Loading extension 'screenshots@mozilla.org': Reading manifest: Invalid extension permission: about:reader*
1578538055693	Marionette	INFO	Listening on port 39177
1578538055776	Marionette	WARN	TLS certificate errors will be ignored for this session
[Parent 13637, Gecko_IOThread] WARNING: pipe error (91): Connection reset by peer: file /build/firefox-AWfb_V/firefox-71.0+build5/ipc/chromium/src/chrome/common/ipc_channel_posix.cc, line 358
[Parent 13637, Gecko_IOThread] WARNING: pipe error (79): Connection reset by peer: file /build/firefox-AWfb_V/firefox-71.0+build5/ipc/chromium/src/chrome/common/ipc_channel_posix.cc, line 358
1578538117503	Marionette	INFO	Stopped listening on port 39177
1578538133541	mozrunner::runner	INFO	Running command: "/usr/bin/firefox" "-marionette" "-foreground" "-no-remote" "-profile" "/tmp/rust_mozprofileTFhvID"
1578538133963	addons.webextension.screenshots@mozilla.org	WARN	Loading extension 'screenshots@mozilla.org': Reading manifest: Invalid extension permission: mozillaAddons
1578538133964	addons.webextension.screenshots@mozilla.org	WARN	Loading extension 'screenshots@mozilla.org': Reading manifest: Invalid extension permission: telemetry
1578538133964	addons.webextension.screenshots@mozilla.org	WARN	Loading extension 'screenshots@mozilla.org': Reading manifest: Invalid extension permission: resource://pdf.js/
1578538133964	addons.webextension.screenshots@mozilla.org	WARN	Loading extension 'screenshots@mozilla.org': Reading manifest: Invalid extension permission: about:reader*
1578538135544	Marionette	INFO	Listening on port 43269
1578538135555	Marionette	WARN	TLS certificate errors will be ignored for this session
1578538142849	Marionette	INFO	Stopped listening on port 43269
1578540476734	mozrunner::runner	INFO	Running command: "/usr/bin/firefox" "-marionette" "-foreground" "-no-remote" "-profile" "/tmp/rust_mozprofileYNtu1j"
1578540477170	addons.webextension.screenshots@mozilla.org	WARN	Loading extension 'screenshots@mozilla.org': Reading manifest: Invalid extension permission: mozillaAddons
1578540477170	addons.webextension.screenshots@mozilla.org	WARN	Loading extension 'screenshots@mozilla.org': Reading manifest: Invalid extension permission: telemetry
1578540477171	addons.webextension.screenshots@mozilla.org	WARN	Loading extension 'screenshots@mozilla.org': Reading manifest: Invalid extension permission: resource://pdf.js/
1578540477171	addons.webextension.screenshots@mozilla.org	WARN	Loading extension 'screenshots@mozilla.org': Reading manifest: Invalid extension permission: about:reader*
1578540478843	Marionette	INFO	Listening on port 46023
1578540478945	Marionette	WARN	TLS certificate errors will be ignored for this session
1578540488455	Marionette	INFO	Stopped listening on port 46023
JavaScript error: resource://gre/modules/UrlClassifierListManager.jsm, line 680: TypeError: this.tablesData[table] is undefined
1578540645870	mozrunner::runner	INFO	Running command: "/usr/bin/firefox" "-marionette" "-foreground" "-no-remote" "-profile" "/tmp/rust_mozprofileQ0B6Ia"
1578540646287	addons.webextension.screenshots@mozilla.org	WARN	Loading extension 'screenshots@mozilla.org': Reading manifest: Invalid extension permission: mozillaAddons
1578540646287	addons.webextension.screenshots@mozilla.org	WARN	Loading extension 'screenshots@mozilla.org': Reading manifest: Invalid extension permission: telemetry
1578540646287	addons.webextension.screenshots@mozilla.org	WARN	Loading extension 'screenshots@mozilla.org': Reading manifest: Invalid extension permission: resource://pdf.js/
1578540646288	addons.webextension.screenshots@mozilla.org	WARN	Loading extension 'screenshots@mozilla.org': Reading manifest: Invalid extension permission: about:reader*
1578540647967	Marionette	INFO	Listening on port 36261
1578540647975	Marionette	WARN	TLS certificate errors will be ignored for this session
1578540661500	Marionette	INFO	Stopped listening on port 36261
1578540808966	mozrunner::runner	INFO	Running command: "/usr/bin/firefox" "-marionette" "-foreground" "-no-remote" "-profile" "/tmp/rust_mozprofileOp7VM1"
1578540809381	addons.webextension.screenshots@mozilla.org	WARN	Loading extension 'screenshots@mozilla.org': Reading manifest: Invalid extension permission: mozillaAddons
1578540809381	addons.webextension.screenshots@mozilla.org	WARN	Loading extension 'screenshots@mozilla.org': Reading manifest: Invalid extension permission: telemetry
1578540809381	addons.webextension.screenshots@mozilla.org	WARN	Loading extension 'screenshots@mozilla.org': Reading manifest: Invalid extension permission: resource://pdf.js/
1578540809381	addons.webextension.screenshots@mozilla.org	WARN	Loading extension 'screenshots@mozilla.org': Reading manifest: Invalid extension permission: about:reader*
1578540810931	Marionette	INFO	Listening on port 44541
1578540810971	Marionette	WARN	TLS certificate errors will be ignored for this session
1578540829563	mozrunner::runner	INFO	Running command: "/usr/bin/firefox" "-marionette" "-foreground" "-no-remote" "-profile" "/tmp/rust_mozprofileqpW6jn"
1578540829975	addons.webextension.screenshots@mozilla.org	WARN	Loading extension 'screenshots@mozilla.org': Reading manifest: Invalid extension permission: mozillaAddons
1578540829975	addons.webextension.screenshots@mozilla.org	WARN	Loading extension 'screenshots@mozilla.org': Reading manifest: Invalid extension permission: telemetry
1578540829976	addons.webextension.screenshots@mozilla.org	WARN	Loading extension 'screenshots@mozilla.org': Reading manifest: Invalid extension permission: resource://pdf.js/
1578540829976	addons.webextension.screenshots@mozilla.org	WARN	Loading extension 'screenshots@mozilla.org': Reading manifest: Invalid extension permission: about:reader*
1578540830652	Marionette	INFO	Stopped listening on port 44541
1578540831615	Marionette	INFO	Listening on port 38869
1578540831668	Marionette	WARN	TLS certificate errors will be ignored for this session
1578540855397	mozrunner::runner	INFO	Running command: "/usr/bin/firefox" "-marionette" "-foreground" "-no-remote" "-profile" "/tmp/rust_mozprofileFnDHiG"
1578540855815	addons.webextension.screenshots@mozilla.org	WARN	Loading extension 'screenshots@mozilla.org': Reading manifest: Invalid extension permission: mozillaAddons
1578540855815	addons.webextension.screenshots@mozilla.org	WARN	Loading extension 'screenshots@mozilla.org': Reading manifest: Invalid extension permission: telemetry
1578540855815	addons.webextension.screenshots@mozilla.org	WARN	Loading extension 'screenshots@mozilla.org': Reading manifest: Invalid extension permission: resource://pdf.js/
1578540855815	addons.webextension.screenshots@mozilla.org	WARN	Loading extension 'screenshots@mozilla.org': Reading manifest: Invalid extension permission: about:reader*
1578540857403	Marionette	INFO	Listening on port 44759
1578540857505	Marionette	WARN	TLS certificate errors will be ignored for this session
1578540871257	Marionette	INFO	Stopped listening on port 44759
[Parent 17303, Gecko_IOThread] WARNING: pipe error (136): Connection reset by peer: file /build/firefox-AWfb_V/firefox-71.0+build5/ipc/chromium/src/chrome/common/ipc_channel_posix.cc, line 358
[Parent 17303, Gecko_IOThread] WARNING: pipe error (76): Connection reset by peer: file /build/firefox-AWfb_V/firefox-71.0+build5/ipc/chromium/src/chrome/common/ipc_channel_posix.cc, line 358
1578540896801	Marionette	INFO	Stopped listening on port 38869
1578540898681	mozrunner::runner	INFO	Running command: "/usr/bin/firefox" "-marionette" "-foreground" "-no-remote" "-profile" "/tmp/rust_mozprofile0y4MEZ"
1578540899106	addons.webextension.screenshots@mozilla.org	WARN	Loading extension 'screenshots@mozilla.org': Reading manifest: Invalid extension permission: mozillaAddons
1578540899107	addons.webextension.screenshots@mozilla.org	WARN	Loading extension 'screenshots@mozilla.org': Reading manifest: Invalid extension permission: telemetry
1578540899107	addons.webextension.screenshots@mozilla.org	WARN	Loading extension 'screenshots@mozilla.org': Reading manifest: Invalid extension permission: resource://pdf.js/
1578540899107	addons.webextension.screenshots@mozilla.org	WARN	Loading extension 'screenshots@mozilla.org': Reading manifest: Invalid extension permission: about:reader*
1578540900666	Marionette	INFO	Listening on port 32771
1578540900686	Marionette	WARN	TLS certificate errors will be ignored for this session
1578540914023	Marionette	INFO	Stopped listening on port 32771
1578541507453	mozrunner::runner	INFO	Running command: "/usr/bin/firefox" "-marionette" "-foreground" "-no-remote" "-profile" "/tmp/rust_mozprofileLCBzb1"
1578541507874	addons.webextension.screenshots@mozilla.org	WARN	Loading extension 'screenshots@mozilla.org': Reading manifest: Invalid extension permission: mozillaAddons
1578541507874	addons.webextension.screenshots@mozilla.org	WARN	Loading extension 'screenshots@mozilla.org': Reading manifest: Invalid extension permission: telemetry
1578541507874	addons.webextension.screenshots@mozilla.org	WARN	Loading extension 'screenshots@mozilla.org': Reading manifest: Invalid extension permission: resource://pdf.js/
1578541507874	addons.webextension.screenshots@mozilla.org	WARN	Loading extension 'screenshots@mozilla.org': Reading manifest: Invalid extension permission: about:reader*
1578541509411	Marionette	INFO	Listening on port 44299
1578541509458	Marionette	WARN	TLS certificate errors will be ignored for this session
1578541513470	Marionette	INFO	Stopped listening on port 44299
[Parent 18878, Gecko_IOThread] WARNING: pipe error (87): Connection reset by peer: file /build/firefox-AWfb_V/firefox-71.0+build5/ipc/chromium/src/chrome/common/ipc_channel_posix.cc, line 358
1578542810533	mozrunner::runner	INFO	Running command: "/usr/bin/firefox" "-marionette" "-foreground" "-no-remote" "-profile" "/tmp/rust_mozprofileRUi3af"
1578542810976	addons.webextension.screenshots@mozilla.org	WARN	Loading extension 'screenshots@mozilla.org': Reading manifest: Invalid extension permission: mozillaAddons
1578542810977	addons.webextension.screenshots@mozilla.org	WARN	Loading extension 'screenshots@mozilla.org': Reading manifest: Invalid extension permission: telemetry
1578542810977	addons.webextension.screenshots@mozilla.org	WARN	Loading extension 'screenshots@mozilla.org': Reading manifest: Invalid extension permission: resource://pdf.js/
1578542810977	addons.webextension.screenshots@mozilla.org	WARN	Loading extension 'screenshots@mozilla.org': Reading manifest: Invalid extension permission: about:reader*
1578542812561	Marionette	INFO	Listening on port 37467
1578542812643	Marionette	WARN	TLS certificate errors will be ignored for this session
1578542890722	mozrunner::runner	INFO	Running command: "/usr/bin/firefox" "-marionette" "-foreground" "-no-remote" "-profile" "/tmp/rust_mozprofileoPiJGi"
1578542891142	addons.webextension.screenshots@mozilla.org	WARN	Loading extension 'screenshots@mozilla.org': Reading manifest: Invalid extension permission: mozillaAddons
1578542891142	addons.webextension.screenshots@mozilla.org	WARN	Loading extension 'screenshots@mozilla.org': Reading manifest: Invalid extension permission: telemetry
1578542891142	addons.webextension.screenshots@mozilla.org	WARN	Loading extension 'screenshots@mozilla.org': Reading manifest: Invalid extension permission: resource://pdf.js/
1578542891142	addons.webextension.screenshots@mozilla.org	WARN	Loading extension 'screenshots@mozilla.org': Reading manifest: Invalid extension permission: about:reader*
1578542892771	Marionette	INFO	Listening on port 33007
1578542892830	Marionette	WARN	TLS certificate errors will be ignored for this session
1578542922392	Marionette	INFO	Stopped listening on port 33007
[Parent 21259, Gecko_IOThread] WARNING: pipe error (93): Connection reset by peer: file /build/firefox-AWfb_V/firefox-71.0+build5/ipc/chromium/src/chrome/common/ipc_channel_posix.cc, line 358
[Parent 21259, Gecko_IOThread] WARNING: pipe error (79): Connection reset by peer: file /build/firefox-AWfb_V/firefox-71.0+build5/ipc/chromium/src/chrome/common/ipc_channel_posix.cc, line 358
1578542923419	Marionette	INFO	Stopped listening on port 37467
[Parent 11530, Gecko_IOThread] WARNING: pipe error (95): Connection reset by peer: file /build/firefox-AWfb_V/firefox-71.0+build5/ipc/chromium/src/chrome/common/ipc_channel_posix.cc, line 358
[Parent 11530, Gecko_IOThread] WARNING: pipe error (79): Connection reset by peer: file /build/firefox-AWfb_V/firefox-71.0+build5/ipc/chromium/src/chrome/common/ipc_channel_posix.cc, line 358
1578542925304	Marionette	INFO	Stopped listening on port 43189
1578542945589	mozrunner::runner	INFO	Running command: "/usr/bin/firefox" "-marionette" "-foreground" "-no-remote" "-profile" "/tmp/rust_mozprofile4bnah0"
1578542946009	addons.webextension.screenshots@mozilla.org	WARN	Loading extension 'screenshots@mozilla.org': Reading manifest: Invalid extension permission: mozillaAddons
1578542946009	addons.webextension.screenshots@mozilla.org	WARN	Loading extension 'screenshots@mozilla.org': Reading manifest: Invalid extension permission: telemetry
1578542946009	addons.webextension.screenshots@mozilla.org	WARN	Loading extension 'screenshots@mozilla.org': Reading manifest: Invalid extension permission: resource://pdf.js/
1578542946009	addons.webextension.screenshots@mozilla.org	WARN	Loading extension 'screenshots@mozilla.org': Reading manifest: Invalid extension permission: about:reader*
1578542947540	Marionette	INFO	Listening on port 35825
1578542947597	Marionette	WARN	TLS certificate errors will be ignored for this session
1578542958438	Marionette	INFO	Stopped listening on port 35825
1578543777658	mozrunner::runner	INFO	Running command: "/usr/bin/firefox" "-marionette" "-foreground" "-no-remote" "-profile" "/tmp/rust_mozprofilekqs7Op"
1578543778085	addons.webextension.screenshots@mozilla.org	WARN	Loading extension 'screenshots@mozilla.org': Reading manifest: Invalid extension permission: mozillaAddons
1578543778085	addons.webextension.screenshots@mozilla.org	WARN	Loading extension 'screenshots@mozilla.org': Reading manifest: Invalid extension permission: telemetry
1578543778086	addons.webextension.screenshots@mozilla.org	WARN	Loading extension 'screenshots@mozilla.org': Reading manifest: Invalid extension permission: resource://pdf.js/
1578543778086	addons.webextension.screenshots@mozilla.org	WARN	Loading extension 'screenshots@mozilla.org': Reading manifest: Invalid extension permission: about:reader*
1578543779672	Marionette	INFO	Listening on port 42469
1578543779767	Marionette	WARN	TLS certificate errors will be ignored for this session
1578543792610	Marionette	INFO	Stopped listening on port 42469
1578543813223	mozrunner::runner	INFO	Running command: "/usr/bin/firefox" "-marionette" "-foreground" "-no-remote" "-profile" "/tmp/rust_mozprofileCsscG6"
1578543813636	addons.webextension.screenshots@mozilla.org	WARN	Loading extension 'screenshots@mozilla.org': Reading manifest: Invalid extension permission: mozillaAddons
1578543813636	addons.webextension.screenshots@mozilla.org	WARN	Loading extension 'screenshots@mozilla.org': Reading manifest: Invalid extension permission: telemetry
1578543813636	addons.webextension.screenshots@mozilla.org	WARN	Loading extension 'screenshots@mozilla.org': Reading manifest: Invalid extension permission: resource://pdf.js/
1578543813636	addons.webextension.screenshots@mozilla.org	WARN	Loading extension 'screenshots@mozilla.org': Reading manifest: Invalid extension permission: about:reader*
1578543815208	Marionette	INFO	Listening on port 33543
1578543815231	Marionette	WARN	TLS certificate errors will be ignored for this session
1578543822646	Marionette	INFO	Stopped listening on port 33543
1578543853416	mozrunner::runner	INFO	Running command: "/usr/bin/firefox" "-marionette" "-foreground" "-no-remote" "-profile" "/tmp/rust_mozprofileE6Q3g7"
1578543853830	addons.webextension.screenshots@mozilla.org	WARN	Loading extension 'screenshots@mozilla.org': Reading manifest: Invalid extension permission: mozillaAddons
1578543853830	addons.webextension.screenshots@mozilla.org	WARN	Loading extension 'screenshots@mozilla.org': Reading manifest: Invalid extension permission: telemetry
1578543853830	addons.webextension.screenshots@mozilla.org	WARN	Loading extension 'screenshots@mozilla.org': Reading manifest: Invalid extension permission: resource://pdf.js/
1578543853830	addons.webextension.screenshots@mozilla.org	WARN	Loading extension 'screenshots@mozilla.org': Reading manifest: Invalid extension permission: about:reader*
1578543855543	Marionette	INFO	Listening on port 38049
1578543855641	Marionette	WARN	TLS certificate errors will be ignored for this session

###!!! [Child][RunMessage] Error: Channel closing: too late to send/recv, messages will be lost

1578543863335	Marionette	INFO	Stopped listening on port 38049
1578547570401	mozrunner::runner	INFO	Running command: "/usr/bin/firefox" "-marionette" "-foreground" "-no-remote" "-profile" "/tmp/rust_mozprofilesgL9Xq"
1578547570755	addons.webextension.screenshots@mozilla.org	WARN	Loading extension 'screenshots@mozilla.org': Reading manifest: Invalid extension permission: mozillaAddons
1578547570755	addons.webextension.screenshots@mozilla.org	WARN	Loading extension 'screenshots@mozilla.org': Reading manifest: Invalid extension permission: telemetry
1578547570755	addons.webextension.screenshots@mozilla.org	WARN	Loading extension 'screenshots@mozilla.org': Reading manifest: Invalid extension permission: resource://pdf.js/
1578547570756	addons.webextension.screenshots@mozilla.org	WARN	Loading extension 'screenshots@mozilla.org': Reading manifest: Invalid extension permission: about:reader*
1578547572323	Marionette	INFO	Listening on port 35153
1578547572413	Marionette	WARN	TLS certificate errors will be ignored for this session
console.warn: LoginRecipes: "getRecipes: falling back to a synchronous message for:" "https://platzi.com"
console.warn: LoginManager: "searchLogins: `formActionOrigin` or `httpRealm` is recommended"
[Parent 29756, Gecko_IOThread] WARNING: pipe error (106): Connection reset by peer: file /build/firefox-AWfb_V/firefox-71.0+build5/ipc/chromium/src/chrome/common/ipc_channel_posix.cc, line 358
[Parent 29756, Gecko_IOThread] WARNING: pipe error (79): Connection reset by peer: file /build/firefox-AWfb_V/firefox-71.0+build5/ipc/chromium/src/chrome/common/ipc_channel_posix.cc, line 358
1578547623418	Marionette	INFO	Stopped listening on port 35153
1578547634886	mozrunner::runner	INFO	Running command: "/usr/bin/firefox" "-marionette" "-foreground" "-no-remote" "-profile" "/tmp/rust_mozprofileMZPIJX"
1578547635233	addons.webextension.screenshots@mozilla.org	WARN	Loading extension 'screenshots@mozilla.org': Reading manifest: Invalid extension permission: mozillaAddons
1578547635233	addons.webextension.screenshots@mozilla.org	WARN	Loading extension 'screenshots@mozilla.org': Reading manifest: Invalid extension permission: telemetry
1578547635234	addons.webextension.screenshots@mozilla.org	WARN	Loading extension 'screenshots@mozilla.org': Reading manifest: Invalid extension permission: resource://pdf.js/
1578547635234	addons.webextension.screenshots@mozilla.org	WARN	Loading extension 'screenshots@mozilla.org': Reading manifest: Invalid extension permission: about:reader*
1578547636666	Marionette	INFO	Listening on port 35767
1578547636691	Marionette	WARN	TLS certificate errors will be ignored for this session
1578547658443	mozrunner::runner	INFO	Running command: "/usr/bin/firefox" "-marionette" "-foreground" "-no-remote" "-profile" "/tmp/rust_mozprofileziEd5P"
1578547658539	Marionette	INFO	Stopped listening on port 35767
1578547658825	addons.webextension.screenshots@mozilla.org	WARN	Loading extension 'screenshots@mozilla.org': Reading manifest: Invalid extension permission: mozillaAddons
1578547658825	addons.webextension.screenshots@mozilla.org	WARN	Loading extension 'screenshots@mozilla.org': Reading manifest: Invalid extension permission: telemetry
1578547658825	addons.webextension.screenshots@mozilla.org	WARN	Loading extension 'screenshots@mozilla.org': Reading manifest: Invalid extension permission: resource://pdf.js/
1578547658825	addons.webextension.screenshots@mozilla.org	WARN	Loading extension 'screenshots@mozilla.org': Reading manifest: Invalid extension permission: about:reader*
1578547660250	Marionette	INFO	Listening on port 38699
1578547660355	Marionette	WARN	TLS certificate errors will be ignored for this session
1578547662071	Marionette	INFO	Stopped listening on port 38699
1578547670088	mozrunner::runner	INFO	Running command: "/usr/bin/firefox" "-marionette" "-foreground" "-no-remote" "-profile" "/tmp/rust_mozprofileajaGKo"
1578547670444	addons.webextension.screenshots@mozilla.org	WARN	Loading extension 'screenshots@mozilla.org': Reading manifest: Invalid extension permission: mozillaAddons
1578547670445	addons.webextension.screenshots@mozilla.org	WARN	Loading extension 'screenshots@mozilla.org': Reading manifest: Invalid extension permission: telemetry
1578547670445	addons.webextension.screenshots@mozilla.org	WARN	Loading extension 'screenshots@mozilla.org': Reading manifest: Invalid extension permission: resource://pdf.js/
1578547670445	addons.webextension.screenshots@mozilla.org	WARN	Loading extension 'screenshots@mozilla.org': Reading manifest: Invalid extension permission: about:reader*
1578547672054	Marionette	INFO	Listening on port 38013
1578547672094	Marionette	WARN	TLS certificate errors will be ignored for this session
1578547690294	Marionette	INFO	Stopped listening on port 38013
1578548010564	mozrunner::runner	INFO	Running command: "/usr/bin/firefox" "-marionette" "-foreground" "-no-remote" "-profile" "/tmp/rust_mozprofileC6r7yy"
1578548010909	addons.webextension.screenshots@mozilla.org	WARN	Loading extension 'screenshots@mozilla.org': Reading manifest: Invalid extension permission: mozillaAddons
1578548010909	addons.webextension.screenshots@mozilla.org	WARN	Loading extension 'screenshots@mozilla.org': Reading manifest: Invalid extension permission: telemetry
1578548010909	addons.webextension.screenshots@mozilla.org	WARN	Loading extension 'screenshots@mozilla.org': Reading manifest: Invalid extension permission: resource://pdf.js/
1578548010909	addons.webextension.screenshots@mozilla.org	WARN	Loading extension 'screenshots@mozilla.org': Reading manifest: Invalid extension permission: about:reader*
1578548012288	Marionette	INFO	Listening on port 39949
1578548012369	Marionette	WARN	TLS certificate errors will be ignored for this session
JavaScript error: , line 0: uncaught exception: Object
1578548049217	mozrunner::runner	INFO	Running command: "/usr/bin/firefox" "-marionette" "-foreground" "-no-remote" "-profile" "/tmp/rust_mozprofiledR5FvX"
1578548049570	addons.webextension.screenshots@mozilla.org	WARN	Loading extension 'screenshots@mozilla.org': Reading manifest: Invalid extension permission: mozillaAddons
1578548049570	addons.webextension.screenshots@mozilla.org	WARN	Loading extension 'screenshots@mozilla.org': Reading manifest: Invalid extension permission: telemetry
1578548049571	addons.webextension.screenshots@mozilla.org	WARN	Loading extension 'screenshots@mozilla.org': Reading manifest: Invalid extension permission: resource://pdf.js/
1578548049571	addons.webextension.screenshots@mozilla.org	WARN	Loading extension 'screenshots@mozilla.org': Reading manifest: Invalid extension permission: about:reader*
1578548050994	Marionette	INFO	Listening on port 46631
1578548051023	Marionette	WARN	TLS certificate errors will be ignored for this session
1578548058333	Marionette	INFO	Stopped listening on port 46631
[Parent 31696, Gecko_IOThread] WARNING: pipe error (112): Connection reset by peer: file /build/firefox-AWfb_V/firefox-71.0+build5/ipc/chromium/src/chrome/common/ipc_channel_posix.cc, line 358
[Parent 31696, Gecko_IOThread] WARNING: pipe error (93): Connection reset by peer: file /build/firefox-AWfb_V/firefox-71.0+build5/ipc/chromium/src/chrome/common/ipc_channel_posix.cc, line 358
[Parent 31696, Gecko_IOThread] WARNING: pipe error (106): Connection reset by peer: file /build/firefox-AWfb_V/firefox-71.0+build5/ipc/chromium/src/chrome/common/ipc_channel_posix.cc, line 358
1578548088627	Marionette	INFO	Stopped listening on port 39949
1578548243494	mozrunner::runner	INFO	Running command: "/usr/bin/firefox" "-marionette" "-foreground" "-no-remote" "-profile" "/tmp/rust_mozprofile0Dn56d"
1578548243842	addons.webextension.screenshots@mozilla.org	WARN	Loading extension 'screenshots@mozilla.org': Reading manifest: Invalid extension permission: mozillaAddons
1578548243843	addons.webextension.screenshots@mozilla.org	WARN	Loading extension 'screenshots@mozilla.org': Reading manifest: Invalid extension permission: telemetry
1578548243843	addons.webextension.screenshots@mozilla.org	WARN	Loading extension 'screenshots@mozilla.org': Reading manifest: Invalid extension permission: resource://pdf.js/
1578548243843	addons.webextension.screenshots@mozilla.org	WARN	Loading extension 'screenshots@mozilla.org': Reading manifest: Invalid extension permission: about:reader*
1578548245409	Marionette	INFO	Listening on port 32827
1578548245527	Marionette	WARN	TLS certificate errors will be ignored for this session
1578548258945	mozrunner::runner	INFO	Running command: "/usr/bin/firefox" "-marionette" "-foreground" "-no-remote" "-profile" "/tmp/rust_mozprofilehIFw8c"
1578548259300	addons.webextension.screenshots@mozilla.org	WARN	Loading extension 'screenshots@mozilla.org': Reading manifest: Invalid extension permission: mozillaAddons
1578548259300	addons.webextension.screenshots@mozilla.org	WARN	Loading extension 'screenshots@mozilla.org': Reading manifest: Invalid extension permission: telemetry
1578548259300	addons.webextension.screenshots@mozilla.org	WARN	Loading extension 'screenshots@mozilla.org': Reading manifest: Invalid extension permission: resource://pdf.js/
1578548259300	addons.webextension.screenshots@mozilla.org	WARN	Loading extension 'screenshots@mozilla.org': Reading manifest: Invalid extension permission: about:reader*
1578548260732	Marionette	INFO	Listening on port 38623
1578548260752	Marionette	WARN	TLS certificate errors will be ignored for this session
1578548281562	Marionette	INFO	Stopped listening on port 38623
1578548284199	Marionette	INFO	Stopped listening on port 32827
1578786634848	mozrunner::runner	INFO	Running command: "/usr/bin/firefox" "-marionette" "-foreground" "-no-remote" "-profile" "/tmp/rust_mozprofilehJsOKc"
1578786637977	addons.webextension.screenshots@mozilla.org	WARN	Loading extension 'screenshots@mozilla.org': Reading manifest: Invalid extension permission: mozillaAddons
1578786637978	addons.webextension.screenshots@mozilla.org	WARN	Loading extension 'screenshots@mozilla.org': Reading manifest: Invalid extension permission: telemetry
1578786637978	addons.webextension.screenshots@mozilla.org	WARN	Loading extension 'screenshots@mozilla.org': Reading manifest: Invalid extension permission: resource://pdf.js/
1578786637978	addons.webextension.screenshots@mozilla.org	WARN	Loading extension 'screenshots@mozilla.org': Reading manifest: Invalid extension permission: about:reader*
1578786641165	Marionette	INFO	Listening on port 39873
1578786641265	Marionette	WARN	TLS certificate errors will be ignored for this session
1578786662483	Marionette	INFO	Stopped listening on port 39873
1578786697477	mozrunner::runner	INFO	Running command: "/usr/bin/firefox" "-marionette" "-foreground" "-no-remote" "-profile" "/tmp/rust_mozprofileGfhdrS"
1578786697901	addons.webextension.screenshots@mozilla.org	WARN	Loading extension 'screenshots@mozilla.org': Reading manifest: Invalid extension permission: mozillaAddons
1578786697901	addons.webextension.screenshots@mozilla.org	WARN	Loading extension 'screenshots@mozilla.org': Reading manifest: Invalid extension permission: telemetry
1578786697901	addons.webextension.screenshots@mozilla.org	WARN	Loading extension 'screenshots@mozilla.org': Reading manifest: Invalid extension permission: resource://pdf.js/
1578786697901	addons.webextension.screenshots@mozilla.org	WARN	Loading extension 'screenshots@mozilla.org': Reading manifest: Invalid extension permission: about:reader*
1578786699715	Marionette	INFO	Listening on port 46013
1578786699784	Marionette	WARN	TLS certificate errors will be ignored for this session
1578786748160	Marionette	INFO	Stopped listening on port 46013
1578788006920	mozrunner::runner	INFO	Running command: "/usr/bin/firefox" "-marionette" "-foreground" "-no-remote" "-profile" "/tmp/rust_mozprofilej1zWqp"
1578788007343	addons.webextension.screenshots@mozilla.org	WARN	Loading extension 'screenshots@mozilla.org': Reading manifest: Invalid extension permission: mozillaAddons
1578788007343	addons.webextension.screenshots@mozilla.org	WARN	Loading extension 'screenshots@mozilla.org': Reading manifest: Invalid extension permission: telemetry
1578788007343	addons.webextension.screenshots@mozilla.org	WARN	Loading extension 'screenshots@mozilla.org': Reading manifest: Invalid extension permission: resource://pdf.js/
1578788007344	addons.webextension.screenshots@mozilla.org	WARN	Loading extension 'screenshots@mozilla.org': Reading manifest: Invalid extension permission: about:reader*
1578788008900	Marionette	INFO	Listening on port 35275
1578788008926	Marionette	WARN	TLS certificate errors will be ignored for this session
1578788058816	Marionette	INFO	Stopped listening on port 35275
1578788153026	mozrunner::runner	INFO	Running command: "/usr/bin/firefox" "-marionette" "-foreground" "-no-remote" "-profile" "/tmp/rust_mozprofileEpypau"
1578788153495	addons.webextension.screenshots@mozilla.org	WARN	Loading extension 'screenshots@mozilla.org': Reading manifest: Invalid extension permission: mozillaAddons
1578788153495	addons.webextension.screenshots@mozilla.org	WARN	Loading extension 'screenshots@mozilla.org': Reading manifest: Invalid extension permission: telemetry
1578788153496	addons.webextension.screenshots@mozilla.org	WARN	Loading extension 'screenshots@mozilla.org': Reading manifest: Invalid extension permission: resource://pdf.js/
1578788153496	addons.webextension.screenshots@mozilla.org	WARN	Loading extension 'screenshots@mozilla.org': Reading manifest: Invalid extension permission: about:reader*
1578788155228	Marionette	INFO	Listening on port 38539
1578788155245	Marionette	WARN	TLS certificate errors will be ignored for this session
1578788166719	Marionette	INFO	Stopped listening on port 38539
[Parent 12097, Gecko_IOThread] WARNING: pipe error (143): Connection reset by peer: file /build/firefox-AWfb_V/firefox-71.0+build5/ipc/chromium/src/chrome/common/ipc_channel_posix.cc, line 358
1578788185948	mozrunner::runner	INFO	Running command: "/usr/bin/firefox" "-marionette" "-foreground" "-no-remote" "-profile" "/tmp/rust_mozprofileXWySYr"
1578788186420	addons.webextension.screenshots@mozilla.org	WARN	Loading extension 'screenshots@mozilla.org': Reading manifest: Invalid extension permission: mozillaAddons
1578788186421	addons.webextension.screenshots@mozilla.org	WARN	Loading extension 'screenshots@mozilla.org': Reading manifest: Invalid extension permission: telemetry
1578788186421	addons.webextension.screenshots@mozilla.org	WARN	Loading extension 'screenshots@mozilla.org': Reading manifest: Invalid extension permission: resource://pdf.js/
1578788186421	addons.webextension.screenshots@mozilla.org	WARN	Loading extension 'screenshots@mozilla.org': Reading manifest: Invalid extension permission: about:reader*
1578788188203	Marionette	INFO	Listening on port 33479
1578788188257	Marionette	WARN	TLS certificate errors will be ignored for this session
1578788192524	Marionette	INFO	Stopped listening on port 33479
1578788206913	mozrunner::runner	INFO	Running command: "/usr/bin/firefox" "-marionette" "-foreground" "-no-remote" "-profile" "/tmp/rust_mozprofileXr5Lnl"
1578788207379	addons.webextension.screenshots@mozilla.org	WARN	Loading extension 'screenshots@mozilla.org': Reading manifest: Invalid extension permission: mozillaAddons
1578788207380	addons.webextension.screenshots@mozilla.org	WARN	Loading extension 'screenshots@mozilla.org': Reading manifest: Invalid extension permission: telemetry
1578788207380	addons.webextension.screenshots@mozilla.org	WARN	Loading extension 'screenshots@mozilla.org': Reading manifest: Invalid extension permission: resource://pdf.js/
1578788207380	addons.webextension.screenshots@mozilla.org	WARN	Loading extension 'screenshots@mozilla.org': Reading manifest: Invalid extension permission: about:reader*
1578788209147	Marionette	INFO	Listening on port 42787
1578788209221	Marionette	WARN	TLS certificate errors will be ignored for this session
1578788235039	Marionette	INFO	Stopped listening on port 42787
1578789480662	mozrunner::runner	INFO	Running command: "/usr/bin/firefox" "-marionette" "-foreground" "-no-remote" "-profile" "/tmp/rust_mozprofileFGjLbw"
1578789481085	addons.webextension.screenshots@mozilla.org	WARN	Loading extension 'screenshots@mozilla.org': Reading manifest: Invalid extension permission: mozillaAddons
1578789481085	addons.webextension.screenshots@mozilla.org	WARN	Loading extension 'screenshots@mozilla.org': Reading manifest: Invalid extension permission: telemetry
1578789481085	addons.webextension.screenshots@mozilla.org	WARN	Loading extension 'screenshots@mozilla.org': Reading manifest: Invalid extension permission: resource://pdf.js/
1578789481085	addons.webextension.screenshots@mozilla.org	WARN	Loading extension 'screenshots@mozilla.org': Reading manifest: Invalid extension permission: about:reader*
1578789482815	Marionette	INFO	Listening on port 46797
1578789482869	Marionette	WARN	TLS certificate errors will be ignored for this session
1578789515642	Marionette	INFO	Stopped listening on port 46797
1578789517064	mozrunner::runner	INFO	Running command: "/usr/bin/firefox" "-marionette" "-foreground" "-no-remote" "-profile" "/tmp/rust_mozprofileAUEN28"
1578789517498	addons.webextension.screenshots@mozilla.org	WARN	Loading extension 'screenshots@mozilla.org': Reading manifest: Invalid extension permission: mozillaAddons
1578789517498	addons.webextension.screenshots@mozilla.org	WARN	Loading extension 'screenshots@mozilla.org': Reading manifest: Invalid extension permission: telemetry
1578789517498	addons.webextension.screenshots@mozilla.org	WARN	Loading extension 'screenshots@mozilla.org': Reading manifest: Invalid extension permission: resource://pdf.js/
1578789517498	addons.webextension.screenshots@mozilla.org	WARN	Loading extension 'screenshots@mozilla.org': Reading manifest: Invalid extension permission: about:reader*
1578789519163	Marionette	INFO	Listening on port 35869
1578789519170	Marionette	WARN	TLS certificate errors will be ignored for this session
1578789547362	mozrunner::runner	INFO	Running command: "/usr/bin/firefox" "-marionette" "-foreground" "-no-remote" "-profile" "/tmp/rust_mozprofile9fv5Ht"
1578789547778	addons.webextension.screenshots@mozilla.org	WARN	Loading extension 'screenshots@mozilla.org': Reading manifest: Invalid extension permission: mozillaAddons
1578789547779	addons.webextension.screenshots@mozilla.org	WARN	Loading extension 'screenshots@mozilla.org': Reading manifest: Invalid extension permission: telemetry
1578789547779	addons.webextension.screenshots@mozilla.org	WARN	Loading extension 'screenshots@mozilla.org': Reading manifest: Invalid extension permission: resource://pdf.js/
1578789547779	addons.webextension.screenshots@mozilla.org	WARN	Loading extension 'screenshots@mozilla.org': Reading manifest: Invalid extension permission: about:reader*
1578789548200	Marionette	INFO	Stopped listening on port 35869
1578789549441	Marionette	INFO	Listening on port 40691
1578789549467	Marionette	WARN	TLS certificate errors will be ignored for this session
1578789586248	Marionette	INFO	Stopped listening on port 40691
1578789621258	mozrunner::runner	INFO	Running command: "/usr/bin/firefox" "-marionette" "-foreground" "-no-remote" "-profile" "/tmp/rust_mozprofileNeqgcM"
1578789621723	addons.webextension.screenshots@mozilla.org	WARN	Loading extension 'screenshots@mozilla.org': Reading manifest: Invalid extension permission: mozillaAddons
1578789621723	addons.webextension.screenshots@mozilla.org	WARN	Loading extension 'screenshots@mozilla.org': Reading manifest: Invalid extension permission: telemetry
1578789621723	addons.webextension.screenshots@mozilla.org	WARN	Loading extension 'screenshots@mozilla.org': Reading manifest: Invalid extension permission: resource://pdf.js/
1578789621723	addons.webextension.screenshots@mozilla.org	WARN	Loading extension 'screenshots@mozilla.org': Reading manifest: Invalid extension permission: about:reader*
1578789623758	Marionette	INFO	Listening on port 33153
1578789623805	Marionette	WARN	TLS certificate errors will be ignored for this session
[Parent 17274, Gecko_IOThread] WARNING: pipe error (147): Connection reset by peer: file /build/firefox-AWfb_V/firefox-71.0+build5/ipc/chromium/src/chrome/common/ipc_channel_posix.cc, line 358
1578789642277	Marionette	INFO	Stopped listening on port 33153
1578789671890	mozrunner::runner	INFO	Running command: "/usr/bin/firefox" "-marionette" "-foreground" "-no-remote" "-profile" "/tmp/rust_mozprofileuHKWEQ"
1578789672390	addons.webextension.screenshots@mozilla.org	WARN	Loading extension 'screenshots@mozilla.org': Reading manifest: Invalid extension permission: mozillaAddons
1578789672390	addons.webextension.screenshots@mozilla.org	WARN	Loading extension 'screenshots@mozilla.org': Reading manifest: Invalid extension permission: telemetry
1578789672390	addons.webextension.screenshots@mozilla.org	WARN	Loading extension 'screenshots@mozilla.org': Reading manifest: Invalid extension permission: resource://pdf.js/
1578789672390	addons.webextension.screenshots@mozilla.org	WARN	Loading extension 'screenshots@mozilla.org': Reading manifest: Invalid extension permission: about:reader*
1578789674162	Marionette	INFO	Listening on port 42469
1578789674196	Marionette	WARN	TLS certificate errors will be ignored for this session
1578789699112	Marionette	INFO	Stopped listening on port 42469
1578789778303	mozrunner::runner	INFO	Running command: "/usr/bin/firefox" "-marionette" "-foreground" "-no-remote" "-profile" "/tmp/rust_mozprofiley1jLz3"
1578789778735	addons.webextension.screenshots@mozilla.org	WARN	Loading extension 'screenshots@mozilla.org': Reading manifest: Invalid extension permission: mozillaAddons
1578789778735	addons.webextension.screenshots@mozilla.org	WARN	Loading extension 'screenshots@mozilla.org': Reading manifest: Invalid extension permission: telemetry
1578789778735	addons.webextension.screenshots@mozilla.org	WARN	Loading extension 'screenshots@mozilla.org': Reading manifest: Invalid extension permission: resource://pdf.js/
1578789778735	addons.webextension.screenshots@mozilla.org	WARN	Loading extension 'screenshots@mozilla.org': Reading manifest: Invalid extension permission: about:reader*
1578789780551	Marionette	INFO	Listening on port 39469
1578789780610	Marionette	WARN	TLS certificate errors will be ignored for this session
1578789807152	Marionette	INFO	Stopped listening on port 39469
1578790671570	mozrunner::runner	INFO	Running command: "/usr/bin/firefox" "-marionette" "-foreground" "-no-remote" "-profile" "/tmp/rust_mozprofileSx6n7f"
1578790672036	addons.webextension.screenshots@mozilla.org	WARN	Loading extension 'screenshots@mozilla.org': Reading manifest: Invalid extension permission: mozillaAddons
1578790672036	addons.webextension.screenshots@mozilla.org	WARN	Loading extension 'screenshots@mozilla.org': Reading manifest: Invalid extension permission: telemetry
1578790672036	addons.webextension.screenshots@mozilla.org	WARN	Loading extension 'screenshots@mozilla.org': Reading manifest: Invalid extension permission: resource://pdf.js/
1578790672036	addons.webextension.screenshots@mozilla.org	WARN	Loading extension 'screenshots@mozilla.org': Reading manifest: Invalid extension permission: about:reader*
1578790673761	Marionette	INFO	Listening on port 36669
1578790673779	Marionette	WARN	TLS certificate errors will be ignored for this session
1578790692996	Marionette	INFO	Stopped listening on port 36669
1578790716010	mozrunner::runner	INFO	Running command: "/usr/bin/firefox" "-marionette" "-foreground" "-no-remote" "-profile" "/tmp/rust_mozprofileqHkOyS"
1578790716419	addons.webextension.screenshots@mozilla.org	WARN	Loading extension 'screenshots@mozilla.org': Reading manifest: Invalid extension permission: mozillaAddons
1578790716420	addons.webextension.screenshots@mozilla.org	WARN	Loading extension 'screenshots@mozilla.org': Reading manifest: Invalid extension permission: telemetry
1578790716420	addons.webextension.screenshots@mozilla.org	WARN	Loading extension 'screenshots@mozilla.org': Reading manifest: Invalid extension permission: resource://pdf.js/
1578790716420	addons.webextension.screenshots@mozilla.org	WARN	Loading extension 'screenshots@mozilla.org': Reading manifest: Invalid extension permission: about:reader*
1578790717999	Marionette	INFO	Listening on port 41483
1578790718015	Marionette	WARN	TLS certificate errors will be ignored for this session
1578790751467	mozrunner::runner	INFO	Running command: "/usr/bin/firefox" "-marionette" "-foreground" "-no-remote" "-profile" "/tmp/rust_mozprofileuEbAMr"
1578790751895	addons.webextension.screenshots@mozilla.org	WARN	Loading extension 'screenshots@mozilla.org': Reading manifest: Invalid extension permission: mozillaAddons
1578790751895	addons.webextension.screenshots@mozilla.org	WARN	Loading extension 'screenshots@mozilla.org': Reading manifest: Invalid extension permission: telemetry
1578790751895	addons.webextension.screenshots@mozilla.org	WARN	Loading extension 'screenshots@mozilla.org': Reading manifest: Invalid extension permission: resource://pdf.js/
1578790751895	addons.webextension.screenshots@mozilla.org	WARN	Loading extension 'screenshots@mozilla.org': Reading manifest: Invalid extension permission: about:reader*
1578790753597	Marionette	INFO	Listening on port 42993
1578790753673	Marionette	WARN	TLS certificate errors will be ignored for this session
[Parent 20421, Gecko_IOThread] WARNING: pipe error (113): Connection reset by peer: file /build/firefox-AWfb_V/firefox-71.0+build5/ipc/chromium/src/chrome/common/ipc_channel_posix.cc, line 358
1578790785035	Marionette	INFO	Stopped listening on port 42993
1578790798585	mozrunner::runner	INFO	Running command: "/usr/bin/firefox" "-marionette" "-foreground" "-no-remote" "-profile" "/tmp/rust_mozprofiler4niEh"
1578790799001	addons.webextension.screenshots@mozilla.org	WARN	Loading extension 'screenshots@mozilla.org': Reading manifest: Invalid extension permission: mozillaAddons
1578790799001	addons.webextension.screenshots@mozilla.org	WARN	Loading extension 'screenshots@mozilla.org': Reading manifest: Invalid extension permission: telemetry
1578790799001	addons.webextension.screenshots@mozilla.org	WARN	Loading extension 'screenshots@mozilla.org': Reading manifest: Invalid extension permission: resource://pdf.js/
1578790799001	addons.webextension.screenshots@mozilla.org	WARN	Loading extension 'screenshots@mozilla.org': Reading manifest: Invalid extension permission: about:reader*
1578790800672	Marionette	INFO	Listening on port 45605
1578790800696	Marionette	WARN	TLS certificate errors will be ignored for this session
1578790826357	Marionette	INFO	Stopped listening on port 45605
[Parent 20163, Gecko_IOThread] WARNING: pipe error (94): Connection reset by peer: file /build/firefox-AWfb_V/firefox-71.0+build5/ipc/chromium/src/chrome/common/ipc_channel_posix.cc, line 358
[Parent 20163, Gecko_IOThread] WARNING: pipe error (78): Connection reset by peer: file /build/firefox-AWfb_V/firefox-71.0+build5/ipc/chromium/src/chrome/common/ipc_channel_posix.cc, line 358
1578790833316	Marionette	INFO	Stopped listening on port 41483
1578794323731	mozrunner::runner	INFO	Running command: "/usr/bin/firefox" "-marionette" "-foreground" "-no-remote" "-profile" "/tmp/rust_mozprofileSG8zKr"
1578794324091	addons.webextension.screenshots@mozilla.org	WARN	Loading extension 'screenshots@mozilla.org': Reading manifest: Invalid extension permission: mozillaAddons
1578794324091	addons.webextension.screenshots@mozilla.org	WARN	Loading extension 'screenshots@mozilla.org': Reading manifest: Invalid extension permission: telemetry
1578794324092	addons.webextension.screenshots@mozilla.org	WARN	Loading extension 'screenshots@mozilla.org': Reading manifest: Invalid extension permission: resource://pdf.js/
1578794324092	addons.webextension.screenshots@mozilla.org	WARN	Loading extension 'screenshots@mozilla.org': Reading manifest: Invalid extension permission: about:reader*
1578794325439	Marionette	INFO	Listening on port 43795
1578794325539	Marionette	WARN	TLS certificate errors will be ignored for this session
[Parent 25301, Gecko_IOThread] WARNING: pipe error (93): Connection reset by peer: file /build/firefox-AWfb_V/firefox-71.0+build5/ipc/chromium/src/chrome/common/ipc_channel_posix.cc, line 358
[Parent 25301, Gecko_IOThread] WARNING: pipe error (79): Connection reset by peer: file /build/firefox-AWfb_V/firefox-71.0+build5/ipc/chromium/src/chrome/common/ipc_channel_posix.cc, line 358
1578794331804	Marionette	INFO	Stopped listening on port 43795
1578794342783	mozrunner::runner	INFO	Running command: "/usr/bin/firefox" "-marionette" "-foreground" "-no-remote" "-profile" "/tmp/rust_mozprofilel5l7Vw"
1578794343141	addons.webextension.screenshots@mozilla.org	WARN	Loading extension 'screenshots@mozilla.org': Reading manifest: Invalid extension permission: mozillaAddons
1578794343141	addons.webextension.screenshots@mozilla.org	WARN	Loading extension 'screenshots@mozilla.org': Reading manifest: Invalid extension permission: telemetry
1578794343141	addons.webextension.screenshots@mozilla.org	WARN	Loading extension 'screenshots@mozilla.org': Reading manifest: Invalid extension permission: resource://pdf.js/
1578794343141	addons.webextension.screenshots@mozilla.org	WARN	Loading extension 'screenshots@mozilla.org': Reading manifest: Invalid extension permission: about:reader*
1578794344585	Marionette	INFO	Listening on port 41569
1578794344588	Marionette	WARN	TLS certificate errors will be ignored for this session
JavaScript error: resource://gre/modules/XULStore.jsm, line 66: Error: Can't find profile directory.
1578794399582	Marionette	INFO	Stopped listening on port 41569
1578794425242	mozrunner::runner	INFO	Running command: "/usr/bin/firefox" "-marionette" "-foreground" "-no-remote" "-profile" "/tmp/rust_mozprofileybvc6c"
1578794425586	addons.webextension.screenshots@mozilla.org	WARN	Loading extension 'screenshots@mozilla.org': Reading manifest: Invalid extension permission: mozillaAddons
1578794425586	addons.webextension.screenshots@mozilla.org	WARN	Loading extension 'screenshots@mozilla.org': Reading manifest: Invalid extension permission: telemetry
1578794425586	addons.webextension.screenshots@mozilla.org	WARN	Loading extension 'screenshots@mozilla.org': Reading manifest: Invalid extension permission: resource://pdf.js/
1578794425586	addons.webextension.screenshots@mozilla.org	WARN	Loading extension 'screenshots@mozilla.org': Reading manifest: Invalid extension permission: about:reader*
1578794427023	Marionette	INFO	Listening on port 44851
1578794427048	Marionette	WARN	TLS certificate errors will be ignored for this session
1578794427942	Marionette	INFO	Stopped listening on port 44851
1578794433325	mozrunner::runner	INFO	Running command: "/usr/bin/firefox" "-marionette" "-foreground" "-no-remote" "-profile" "/tmp/rust_mozprofileHp2VN2"
1578794433799	addons.webextension.screenshots@mozilla.org	WARN	Loading extension 'screenshots@mozilla.org': Reading manifest: Invalid extension permission: mozillaAddons
1578794433799	addons.webextension.screenshots@mozilla.org	WARN	Loading extension 'screenshots@mozilla.org': Reading manifest: Invalid extension permission: telemetry
1578794433800	addons.webextension.screenshots@mozilla.org	WARN	Loading extension 'screenshots@mozilla.org': Reading manifest: Invalid extension permission: resource://pdf.js/
1578794433800	addons.webextension.screenshots@mozilla.org	WARN	Loading extension 'screenshots@mozilla.org': Reading manifest: Invalid extension permission: about:reader*
1578794435186	Marionette	INFO	Listening on port 33167
1578794435230	Marionette	WARN	TLS certificate errors will be ignored for this session
1578794435983	Marionette	INFO	Stopped listening on port 33167
1578794530075	mozrunner::runner	INFO	Running command: "/usr/bin/firefox" "-marionette" "-foreground" "-no-remote" "-profile" "/tmp/rust_mozprofileA5IKj1"
1578794530418	addons.webextension.screenshots@mozilla.org	WARN	Loading extension 'screenshots@mozilla.org': Reading manifest: Invalid extension permission: mozillaAddons
1578794530418	addons.webextension.screenshots@mozilla.org	WARN	Loading extension 'screenshots@mozilla.org': Reading manifest: Invalid extension permission: telemetry
1578794530418	addons.webextension.screenshots@mozilla.org	WARN	Loading extension 'screenshots@mozilla.org': Reading manifest: Invalid extension permission: resource://pdf.js/
1578794530418	addons.webextension.screenshots@mozilla.org	WARN	Loading extension 'screenshots@mozilla.org': Reading manifest: Invalid extension permission: about:reader*
1578794532073	Marionette	INFO	Listening on port 33607
1578794532084	Marionette	WARN	TLS certificate errors will be ignored for this session
1578794552763	Marionette	INFO	Stopped listening on port 33607
